<?xml version="1.0" encoding="UTF-8"?>
<!-- Generated by org.testng.reporters.JUnitReportReporter -->
<testsuite hostname="Shamanth" failures="0" tests="1" name="com.learnFw.testcases.LoginTestCRM" time="1.875" errors="0" timestamp="2025-04-24T11:31:19 IST" skipped="0">
  <testcase classname="com.learnFw.testcases.LoginTestCRM" name="Login" time="1.875"/>
</testsuite> <!-- com.learnFw.testcases.LoginTestCRM -->
