<?xml version="1.0" encoding="UTF-8"?>
<!-- Generated by org.testng.reporters.JUnitReportReporter -->
<testsuite hostname="Shamanth" failures="0" tests="1" name="com.learnFw.testcases.LoginTestCRM" time="2.273" errors="0" timestamp="2025-04-28T16:46:06 IST" skipped="0">
  <testcase classname="com.learnFw.testcases.LoginTestCRM" name="Login" time="2.273"/>
</testsuite> <!-- com.learnFw.testcases.LoginTestCRM -->
